Command line invocation:
    /Applications/Xcode.app/Contents/Developer/usr/bin/xcodebuild -workspace ios/Runner.xcworkspace -scheme Runner -configuration Release archive -archivePath build/Runner.xcarchive COMPILER_INDEX_STORE_ENABLE=NO

Build settings from command line:
    COMPILER_INDEX_STORE_ENABLE = NO

ComputePackagePrebuildTargetDependencyGraph

Prepare packages

CreateBuildRequest

SendProjectDescription

CreateBuildOperation

ComputeTargetDependencyGraph
note: Building targets in dependency order
note: Target dependency graph (51 targets)
    Target 'Runner' in project 'Runner'
        ➜ Implicit dependency on target 'Pods-Runner' in project 'Pods' via file 'Pods_Runner.framework' in build phase 'Link Binary'
        ➜ Implicit dependency on target 'DKImagePickerController' in project 'Pods' via options '-framework DKImagePickerController' in build setting 'OTHER_LDFLAGS'
        ➜ Implicit dependency on target 'DKPhotoGallery' in project 'Pods' via options '-framework DKPhotoGallery' in build setting 'OTHER_LDFLAGS'
        ➜ Implicit dependency on target 'PromisesObjC' in project 'Pods' via options '-framework FBLPromises' in build setting 'OTHER_LDFLAGS'
        ➜ Implicit dependency on target 'GTMSessionFetcher' in project 'Pods' via options '-framework GTMSessionFetcher' in build setting 'OTHER_LDFLAGS'
        ➜ Implicit dependency on target 'GoogleDataTransport' in project 'Pods' via options '-framework GoogleDataTransport' in build setting 'OTHER_LDFLAGS'
        ➜ Implicit dependency on target 'GoogleToolboxForMac' in project 'Pods' via options '-framework GoogleToolboxForMac' in build setting 'OTHER_LDFLAGS'
        ➜ Implicit dependency on target 'GoogleUtilities' in project 'Pods' via options '-framework GoogleUtilities' in build setting 'OTHER_LDFLAGS'
        ➜ Implicit dependency on target 'GoogleUtilitiesComponents' in project 'Pods' via options '-framework GoogleUtilitiesComponents' in build setting 'OTHER_LDFLAGS'
        ➜ Implicit dependency on target 'SDWebImage' in project 'Pods' via options '-framework SDWebImage' in build setting 'OTHER_LDFLAGS'
        ➜ Implicit dependency on target 'SwiftyGif' in project 'Pods' via options '-framework SwiftyGif' in build setting 'OTHER_LDFLAGS'
        ➜ Implicit dependency on target 'device_info_plus' in project 'Pods' via options '-framework device_info_plus' in build setting 'OTHER_LDFLAGS'
        ➜ Implicit dependency on target 'file_picker' in project 'Pods' via options '-framework file_picker' in build setting 'OTHER_LDFLAGS'
        ➜ Implicit dependency on target 'flutter_file_dialog' in project 'Pods' via options '-framework flutter_file_dialog' in build setting 'OTHER_LDFLAGS'
        ➜ Implicit dependency on target 'flutter_local_notifications' in project 'Pods' via options '-framework flutter_local_notifications' in build setting 'OTHER_LDFLAGS'
        ➜ Implicit dependency on target 'flutter_secure_storage' in project 'Pods' via options '-framework flutter_secure_storage' in build setting 'OTHER_LDFLAGS'
        ➜ Implicit dependency on target 'mobile_scanner' in project 'Pods' via options '-framework mobile_scanner' in build setting 'OTHER_LDFLAGS'
        ➜ Implicit dependency on target 'nanopb' in project 'Pods' via options '-framework nanopb' in build setting 'OTHER_LDFLAGS'
        ➜ Implicit dependency on target 'package_info_plus' in project 'Pods' via options '-framework package_info_plus' in build setting 'OTHER_LDFLAGS'
        ➜ Implicit dependency on target 'path_provider_foundation' in project 'Pods' via options '-framework path_provider_foundation' in build setting 'OTHER_LDFLAGS'
        ➜ Implicit dependency on target 'share_plus' in project 'Pods' via options '-framework share_plus' in build setting 'OTHER_LDFLAGS'
        ➜ Implicit dependency on target 'sqflite_darwin' in project 'Pods' via options '-framework sqflite_darwin' in build setting 'OTHER_LDFLAGS'
        ➜ Implicit dependency on target 'url_launcher_ios' in project 'Pods' via options '-framework url_launcher_ios' in build setting 'OTHER_LDFLAGS'
        ➜ Implicit dependency on target 'vibration' in project 'Pods' via options '-framework vibration' in build setting 'OTHER_LDFLAGS'
    Target 'Pods-Runner' in project 'Pods'
        ➜ Explicit dependency on target 'DKImagePickerController' in project 'Pods'
        ➜ Explicit dependency on target 'DKPhotoGallery' in project 'Pods'
        ➜ Explicit dependency on target 'Flutter' in project 'Pods'
        ➜ Explicit dependency on target 'GTMSessionFetcher' in project 'Pods'
        ➜ Explicit dependency on target 'GoogleDataTransport' in project 'Pods'
        ➜ Explicit dependency on target 'GoogleMLKit' in project 'Pods'
        ➜ Explicit dependency on target 'GoogleToolboxForMac' in project 'Pods'
        ➜ Explicit dependency on target 'GoogleUtilities' in project 'Pods'
        ➜ Explicit dependency on target 'GoogleUtilitiesComponents' in project 'Pods'
        ➜ Explicit dependency on target 'MLImage' in project 'Pods'
        ➜ Explicit dependency on target 'MLKitBarcodeScanning' in project 'Pods'
        ➜ Explicit dependency on target 'MLKitCommon' in project 'Pods'
        ➜ Explicit dependency on target 'MLKitVision' in project 'Pods'
        ➜ Explicit dependency on target 'PromisesObjC' in project 'Pods'
        ➜ Explicit dependency on target 'SDWebImage' in project 'Pods'
        ➜ Explicit dependency on target 'SwiftyGif' in project 'Pods'
        ➜ Explicit dependency on target 'device_info_plus' in project 'Pods'
        ➜ Explicit dependency on target 'file_picker' in project 'Pods'
        ➜ Explicit dependency on target 'flutter_file_dialog' in project 'Pods'
        ➜ Explicit dependency on target 'flutter_local_notifications' in project 'Pods'
        ➜ Explicit dependency on target 'flutter_secure_storage' in project 'Pods'
        ➜ Explicit dependency on target 'mobile_scanner' in project 'Pods'
        ➜ Explicit dependency on target 'nanopb' in project 'Pods'
        ➜ Explicit dependency on target 'package_info_plus' in project 'Pods'
        ➜ Explicit dependency on target 'path_provider_foundation' in project 'Pods'
        ➜ Explicit dependency on target 'share_plus' in project 'Pods'
        ➜ Explicit dependency on target 'sqflite_darwin' in project 'Pods'
        ➜ Explicit dependency on target 'url_launcher_ios' in project 'Pods'
        ➜ Explicit dependency on target 'vibration' in project 'Pods'
    Target 'vibration' in project 'Pods'
        ➜ Explicit dependency on target 'Flutter' in project 'Pods'
    Target 'url_launcher_ios' in project 'Pods'
        ➜ Explicit dependency on target 'Flutter' in project 'Pods'
        ➜ Explicit dependency on target 'url_launcher_ios-url_launcher_ios_privacy' in project 'Pods'
    Target 'url_launcher_ios-url_launcher_ios_privacy' in project 'Pods' (no dependencies)
    Target 'sqflite_darwin' in project 'Pods'
        ➜ Explicit dependency on target 'Flutter' in project 'Pods'
        ➜ Explicit dependency on target 'sqflite_darwin-sqflite_darwin_privacy' in project 'Pods'
    Target 'sqflite_darwin-sqflite_darwin_privacy' in project 'Pods' (no dependencies)
    Target 'share_plus' in project 'Pods'
        ➜ Explicit dependency on target 'Flutter' in project 'Pods'
    Target 'path_provider_foundation' in project 'Pods'
        ➜ Explicit dependency on target 'Flutter' in project 'Pods'
        ➜ Explicit dependency on target 'path_provider_foundation-path_provider_foundation_privacy' in project 'Pods'
    Target 'path_provider_foundation-path_provider_foundation_privacy' in project 'Pods' (no dependencies)
    Target 'package_info_plus' in project 'Pods'
        ➜ Explicit dependency on target 'Flutter' in project 'Pods'
        ➜ Explicit dependency on target 'package_info_plus-package_info_plus_privacy' in project 'Pods'
    Target 'package_info_plus-package_info_plus_privacy' in project 'Pods' (no dependencies)
    Target 'mobile_scanner' in project 'Pods'
        ➜ Explicit dependency on target 'Flutter' in project 'Pods'
        ➜ Explicit dependency on target 'GoogleMLKit' in project 'Pods'
        ➜ Explicit dependency on target 'mobile_scanner-mobile_scanner_privacy' in project 'Pods'
    Target 'mobile_scanner-mobile_scanner_privacy' in project 'Pods' (no dependencies)
    Target 'flutter_secure_storage' in project 'Pods'
        ➜ Explicit dependency on target 'Flutter' in project 'Pods'
        ➜ Explicit dependency on target 'flutter_secure_storage-flutter_secure_storage' in project 'Pods'
    Target 'flutter_secure_storage-flutter_secure_storage' in project 'Pods' (no dependencies)
    Target 'flutter_local_notifications' in project 'Pods'
        ➜ Explicit dependency on target 'Flutter' in project 'Pods'
        ➜ Explicit dependency on target 'flutter_local_notifications-flutter_local_notifications_privacy' in project 'Pods'
    Target 'flutter_local_notifications-flutter_local_notifications_privacy' in project 'Pods' (no dependencies)
    Target 'flutter_file_dialog' in project 'Pods'
        ➜ Explicit dependency on target 'Flutter' in project 'Pods'
    Target 'file_picker' in project 'Pods'
        ➜ Explicit dependency on target 'DKImagePickerController' in project 'Pods'
        ➜ Explicit dependency on target 'Flutter' in project 'Pods'
        ➜ Explicit dependency on target 'file_picker-file_picker_ios_privacy' in project 'Pods'
    Target 'file_picker-file_picker_ios_privacy' in project 'Pods'
        ➜ Implicit dependency on target 'DKImagePickerController' in project 'Pods' via options '-framework DKImagePickerController' in build setting 'OTHER_LDFLAGS'
    Target 'device_info_plus' in project 'Pods'
        ➜ Explicit dependency on target 'Flutter' in project 'Pods'
        ➜ Explicit dependency on target 'device_info_plus-device_info_plus_privacy' in project 'Pods'
    Target 'device_info_plus-device_info_plus_privacy' in project 'Pods' (no dependencies)
    Target 'GoogleMLKit' in project 'Pods'
        ➜ Explicit dependency on target 'MLKitBarcodeScanning' in project 'Pods'
        ➜ Explicit dependency on target 'MLKitCommon' in project 'Pods'
    Target 'MLKitBarcodeScanning' in project 'Pods'
        ➜ Explicit dependency on target 'MLKitCommon' in project 'Pods'
        ➜ Explicit dependency on target 'MLKitVision' in project 'Pods'
    Target 'MLKitVision' in project 'Pods'
        ➜ Explicit dependency on target 'GoogleToolboxForMac' in project 'Pods'
        ➜ Explicit dependency on target 'GTMSessionFetcher' in project 'Pods'
        ➜ Explicit dependency on target 'MLImage' in project 'Pods'
        ➜ Explicit dependency on target 'MLKitCommon' in project 'Pods'
    Target 'MLImage' in project 'Pods' (no dependencies)
    Target 'MLKitCommon' in project 'Pods'
        ➜ Explicit dependency on target 'GoogleDataTransport' in project 'Pods'
        ➜ Explicit dependency on target 'GoogleToolboxForMac' in project 'Pods'
        ➜ Explicit dependency on target 'GoogleUtilities' in project 'Pods'
        ➜ Explicit dependency on target 'GoogleUtilitiesComponents' in project 'Pods'
        ➜ Explicit dependency on target 'GTMSessionFetcher' in project 'Pods'
    Target 'GoogleUtilitiesComponents' in project 'Pods'
        ➜ Explicit dependency on target 'GoogleUtilities' in project 'Pods'
    Target 'GoogleToolboxForMac' in project 'Pods'
        ➜ Explicit dependency on target 'GoogleToolboxForMac-GoogleToolboxForMac_Logger_Privacy' in project 'Pods'
        ➜ Explicit dependency on target 'GoogleToolboxForMac-GoogleToolboxForMac_Privacy' in project 'Pods'
    Target 'GoogleToolboxForMac-GoogleToolboxForMac_Privacy' in project 'Pods' (no dependencies)
    Target 'GoogleToolboxForMac-GoogleToolboxForMac_Logger_Privacy' in project 'Pods' (no dependencies)
    Target 'GoogleDataTransport' in project 'Pods'
        ➜ Explicit dependency on target 'GoogleDataTransport-GoogleDataTransport_Privacy' in project 'Pods'
        ➜ Explicit dependency on target 'GoogleUtilities' in project 'Pods'
        ➜ Explicit dependency on target 'PromisesObjC' in project 'Pods'
        ➜ Explicit dependency on target 'nanopb' in project 'Pods'
    Target 'GoogleDataTransport-GoogleDataTransport_Privacy' in project 'Pods'
        ➜ Implicit dependency on target 'PromisesObjC' in project 'Pods' via options '-framework FBLPromises' in build setting 'OTHER_LDFLAGS'
        ➜ Implicit dependency on target 'GoogleUtilities' in project 'Pods' via options '-framework GoogleUtilities' in build setting 'OTHER_LDFLAGS'
        ➜ Implicit dependency on target 'nanopb' in project 'Pods' via options '-framework nanopb' in build setting 'OTHER_LDFLAGS'
    Target 'nanopb' in project 'Pods'
        ➜ Explicit dependency on target 'nanopb-nanopb_Privacy' in project 'Pods'
    Target 'nanopb-nanopb_Privacy' in project 'Pods' (no dependencies)
    Target 'GoogleUtilities' in project 'Pods'
        ➜ Explicit dependency on target 'GoogleUtilities-GoogleUtilities_Privacy' in project 'Pods'
        ➜ Explicit dependency on target 'PromisesObjC' in project 'Pods'
    Target 'GoogleUtilities-GoogleUtilities_Privacy' in project 'Pods'
        ➜ Implicit dependency on target 'PromisesObjC' in project 'Pods' via options '-framework FBLPromises' in build setting 'OTHER_LDFLAGS'
    Target 'PromisesObjC' in project 'Pods'
        ➜ Explicit dependency on target 'PromisesObjC-FBLPromises_Privacy' in project 'Pods'
    Target 'PromisesObjC-FBLPromises_Privacy' in project 'Pods' (no dependencies)
    Target 'GTMSessionFetcher' in project 'Pods'
        ➜ Explicit dependency on target 'GTMSessionFetcher-GTMSessionFetcher_Core_Privacy' in project 'Pods'
    Target 'GTMSessionFetcher-GTMSessionFetcher_Core_Privacy' in project 'Pods' (no dependencies)
    Target 'Flutter' in project 'Pods' (no dependencies)
    Target 'DKImagePickerController' in project 'Pods'
        ➜ Explicit dependency on target 'DKImagePickerController-DKImagePickerController' in project 'Pods'
        ➜ Explicit dependency on target 'DKPhotoGallery' in project 'Pods'
    Target 'DKImagePickerController-DKImagePickerController' in project 'Pods'
        ➜ Implicit dependency on target 'DKPhotoGallery' in project 'Pods' via options '-framework DKPhotoGallery' in build setting 'OTHER_LDFLAGS'
    Target 'DKPhotoGallery' in project 'Pods'
        ➜ Explicit dependency on target 'DKPhotoGallery-DKPhotoGallery' in project 'Pods'
        ➜ Explicit dependency on target 'SDWebImage' in project 'Pods'
        ➜ Explicit dependency on target 'SwiftyGif' in project 'Pods'
    Target 'DKPhotoGallery-DKPhotoGallery' in project 'Pods'
        ➜ Implicit dependency on target 'SDWebImage' in project 'Pods' via options '-framework SDWebImage' in build setting 'OTHER_LDFLAGS'
        ➜ Implicit dependency on target 'SwiftyGif' in project 'Pods' via options '-framework SwiftyGif' in build setting 'OTHER_LDFLAGS'
    Target 'SwiftyGif' in project 'Pods'
        ➜ Explicit dependency on target 'SwiftyGif-SwiftyGif' in project 'Pods'
    Target 'SwiftyGif-SwiftyGif' in project 'Pods' (no dependencies)
    Target 'SDWebImage' in project 'Pods'
        ➜ Explicit dependency on target 'SDWebImage-SDWebImage' in project 'Pods'
    Target 'SDWebImage-SDWebImage' in project 'Pods' (no dependencies)

GatherProvisioningInputs

CreateBuildDescription

ExecuteExternalTool /Applications/Xcode.app/Contents/Developer/Toolchains/XcodeDefault.xctoolchain/usr/bin/clang -v -E -dM -arch arm64 -isysroot /Applications/Xcode.app/Contents/Developer/Platforms/iPhoneOS.platform/Developer/SDKs/iPhoneOS26.0.sdk -x c -c /dev/null

ExecuteExternalTool /Applications/Xcode.app/Contents/Developer/usr/bin/actool --version --output-format xml1

ExecuteExternalTool /Applications/Xcode.app/Contents/Developer/Toolchains/XcodeDefault.xctoolchain/usr/bin/clang -v -E -dM -isysroot /Applications/Xcode.app/Contents/Developer/Platforms/iPhoneOS.platform/Developer/SDKs/iPhoneOS26.0.sdk -x c -c /dev/null

ExecuteExternalTool /Applications/Xcode.app/Contents/Developer/Toolchains/XcodeDefault.xctoolchain/usr/bin/clang -v -E -dM -arch arm64 -isysroot /Applications/Xcode.app/Contents/Developer/Platforms/iPhoneOS.platform/Developer/SDKs/iPhoneOS26.0.sdk -x objective-c -c /dev/null

ExecuteExternalTool /Applications/Xcode.app/Contents/Developer/usr/bin/ibtool --version --output-format xml1

ExecuteExternalTool /Applications/Xcode.app/Contents/Developer/Toolchains/XcodeDefault.xctoolchain/usr/bin/swiftc --version

ExecuteExternalTool /Applications/Xcode.app/Contents/Developer/Toolchains/XcodeDefault.xctoolchain/usr/bin/ld -version_details

ExecuteExternalTool /Applications/Xcode.app/Contents/Developer/Toolchains/XcodeDefault.xctoolchain/usr/bin/libtool -V

ExecuteExternalTool /Applications/Xcode.app/Contents/Developer/usr/bin/actool --print-asset-tag-combinations --output-format xml1 /Users/matthew/bitrift/gymrat/app/ios/Runner/Assets.xcassets

Build description signature: e7b508803be4dc62dfb25cc366990c96
Build description path: /Users/matthew/Library/Developer/Xcode/DerivedData/Runner-bfzbxaudocdhixecmjexirfmptyv/Build/Intermediates.noindex/ArchiveIntermediates/Runner/IntermediateBuildFilesPath/XCBuildData/e7b508803be4dc62dfb25cc366990c96.xcbuilddata
/Users/matthew/bitrift/gymrat/app/ios/Pods/Pods.xcodeproj: warning: The iOS deployment target 'IPHONEOS_DEPLOYMENT_TARGET' is set to 9.0, but the range of supported deployment target versions is 12.0 to 26.0.99. (in target 'GoogleDataTransport-GoogleDataTransport_Privacy' from project 'Pods')
/Users/matthew/bitrift/gymrat/app/ios/Pods/Pods.xcodeproj: warning: The iOS deployment target 'IPHONEOS_DEPLOYMENT_TARGET' is set to 9.0, but the range of supported deployment target versions is 12.0 to 26.0.99. (in target 'PromisesObjC' from project 'Pods')
/Users/matthew/bitrift/gymrat/app/ios/Pods/Pods.xcodeproj: warning: The iOS deployment target 'IPHONEOS_DEPLOYMENT_TARGET' is set to 10.0, but the range of supported deployment target versions is 12.0 to 26.0.99. (in target 'GoogleToolboxForMac' from project 'Pods')
/Users/matthew/bitrift/gymrat/app/ios/Pods/Pods.xcodeproj: warning: The iOS deployment target 'IPHONEOS_DEPLOYMENT_TARGET' is set to 9.0, but the range of supported deployment target versions is 12.0 to 26.0.99. (in target 'SDWebImage-SDWebImage' from project 'Pods')
/Users/matthew/bitrift/gymrat/app/ios/Pods/Pods.xcodeproj: warning: The iOS deployment target 'IPHONEOS_DEPLOYMENT_TARGET' is set to 10.0, but the range of supported deployment target versions is 12.0 to 26.0.99. (in target 'GTMSessionFetcher' from project 'Pods')
/Users/matthew/bitrift/gymrat/app/ios/Pods/Pods.xcodeproj: warning: The iOS deployment target 'IPHONEOS_DEPLOYMENT_TARGET' is set to 9.0, but the range of supported deployment target versions is 12.0 to 26.0.99. (in target 'nanopb' from project 'Pods')
/Users/matthew/bitrift/gymrat/app/ios/Pods/Pods.xcodeproj: warning: The iOS deployment target 'IPHONEOS_DEPLOYMENT_TARGET' is set to 9.0, but the range of supported deployment target versions is 12.0 to 26.0.99. (in target 'nanopb-nanopb_Privacy' from project 'Pods')
/Users/matthew/bitrift/gymrat/app/ios/Pods/Pods.xcodeproj: warning: The iOS deployment target 'IPHONEOS_DEPLOYMENT_TARGET' is set to 9.0, but the range of supported deployment target versions is 12.0 to 26.0.99. (in target 'flutter_secure_storage-flutter_secure_storage' from project 'Pods')
/Users/matthew/bitrift/gymrat/app/ios/Pods/Pods.xcodeproj: warning: The iOS deployment target 'IPHONEOS_DEPLOYMENT_TARGET' is set to 9.0, but the range of supported deployment target versions is 12.0 to 26.0.99. (in target 'SwiftyGif-SwiftyGif' from project 'Pods')
/Users/matthew/bitrift/gymrat/app/ios/Pods/Pods.xcodeproj: warning: The iOS deployment target 'IPHONEOS_DEPLOYMENT_TARGET' is set to 9.0, but the range of supported deployment target versions is 12.0 to 26.0.99. (in target 'DKImagePickerController-DKImagePickerController' from project 'Pods')
/Users/matthew/bitrift/gymrat/app/ios/Pods/Pods.xcodeproj: warning: The iOS deployment target 'IPHONEOS_DEPLOYMENT_TARGET' is set to 10.0, but the range of supported deployment target versions is 12.0 to 26.0.99. (in target 'GTMSessionFetcher-GTMSessionFetcher_Core_Privacy' from project 'Pods')
/Users/matthew/bitrift/gymrat/app/ios/Pods/Pods.xcodeproj: warning: The iOS deployment target 'IPHONEOS_DEPLOYMENT_TARGET' is set to 10.0, but the range of supported deployment target versions is 12.0 to 26.0.99. (in target 'GoogleToolboxForMac-GoogleToolboxForMac_Privacy' from project 'Pods')
/Users/matthew/bitrift/gymrat/app/ios/Pods/Pods.xcodeproj: warning: The iOS deployment target 'IPHONEOS_DEPLOYMENT_TARGET' is set to 10.0, but the range of supported deployment target versions is 12.0 to 26.0.99. (in target 'GoogleToolboxForMac-GoogleToolboxForMac_Logger_Privacy' from project 'Pods')
/Users/matthew/bitrift/gymrat/app/ios/Pods/Pods.xcodeproj: warning: The iOS deployment target 'IPHONEOS_DEPLOYMENT_TARGET' is set to 9.0, but the range of supported deployment target versions is 12.0 to 26.0.99. (in target 'GoogleDataTransport' from project 'Pods')
/Users/matthew/bitrift/gymrat/app/ios/Pods/Pods.xcodeproj: warning: The iOS deployment target 'IPHONEOS_DEPLOYMENT_TARGET' is set to 9.0, but the range of supported deployment target versions is 12.0 to 26.0.99. (in target 'DKPhotoGallery-DKPhotoGallery' from project 'Pods')
/Users/matthew/bitrift/gymrat/app/ios/Pods/Pods.xcodeproj: warning: The iOS deployment target 'IPHONEOS_DEPLOYMENT_TARGET' is set to 9.0, but the range of supported deployment target versions is 12.0 to 26.0.99. (in target 'GoogleUtilities-GoogleUtilities_Privacy' from project 'Pods')
/Users/matthew/bitrift/gymrat/app/ios/Pods/Pods.xcodeproj: warning: The iOS deployment target 'IPHONEOS_DEPLOYMENT_TARGET' is set to 9.0, but the range of supported deployment target versions is 12.0 to 26.0.99. (in target 'PromisesObjC-FBLPromises_Privacy' from project 'Pods')
/Users/matthew/bitrift/gymrat/app/ios/Pods/Pods.xcodeproj: warning: The iOS deployment target 'IPHONEOS_DEPLOYMENT_TARGET' is set to 9.0, but the range of supported deployment target versions is 12.0 to 26.0.99. (in target 'SDWebImage' from project 'Pods')
/Users/matthew/bitrift/gymrat/app/ios/Pods/Pods.xcodeproj: warning: The iOS deployment target 'IPHONEOS_DEPLOYMENT_TARGET' is set to 9.0, but the range of supported deployment target versions is 12.0 to 26.0.99. (in target 'flutter_local_notifications-flutter_local_notifications_privacy' from project 'Pods')
/Users/matthew/bitrift/gymrat/app/ios/Pods/Pods.xcodeproj: warning: The iOS deployment target 'IPHONEOS_DEPLOYMENT_TARGET' is set to 9.0, but the range of supported deployment target versions is 12.0 to 26.0.99. (in target 'DKImagePickerController' from project 'Pods')
/Users/matthew/bitrift/gymrat/app/ios/Pods/Pods.xcodeproj: warning: The iOS deployment target 'IPHONEOS_DEPLOYMENT_TARGET' is set to 9.0, but the range of supported deployment target versions is 12.0 to 26.0.99. (in target 'GoogleUtilities' from project 'Pods')
/Users/matthew/bitrift/gymrat/app/ios/Pods/Pods.xcodeproj: warning: The iOS deployment target 'IPHONEOS_DEPLOYMENT_TARGET' is set to 9.0, but the range of supported deployment target versions is 12.0 to 26.0.99. (in target 'DKPhotoGallery' from project 'Pods')
/Users/matthew/bitrift/gymrat/app/ios/Pods/Pods.xcodeproj: warning: The iOS deployment target 'IPHONEOS_DEPLOYMENT_TARGET' is set to 10.0, but the range of supported deployment target versions is 12.0 to 26.0.99. (in target 'GoogleUtilitiesComponents' from project 'Pods')
/Users/matthew/bitrift/gymrat/app/ios/Runner.xcodeproj: error: "Runner" requires a provisioning profile. Select a provisioning profile in the Signing & Capabilities editor. (in target 'Runner' from project 'Runner')
note: Run script build phase 'Run Script' will be run during every build because the option to run the script phase "Based on dependency analysis" is unchecked. (in target 'Runner' from project 'Runner')
note: Run script build phase 'Thin Binary' will be run during every build because the option to run the script phase "Based on dependency analysis" is unchecked. (in target 'Runner' from project 'Runner')
/Users/matthew/bitrift/gymrat/app/ios/Pods/Pods.xcodeproj: warning: The iOS deployment target 'IPHONEOS_DEPLOYMENT_TARGET' is set to 9.0, but the range of supported deployment target versions is 12.0 to 26.0.99. (in target 'SwiftyGif' from project 'Pods')
